<html>
<head>
<title>TestNG:  Default test</title>
<link href="../testng.css" rel="stylesheet" type="text/css" />
<link href="../my-testng.css" rel="stylesheet" type="text/css" />

<style type="text/css">
.log { display: none;} 
.stack-trace { display: none;} 
</style>
<script type="text/javascript">
<!--
function flip(e) {
  current = e.style.display;
  if (current == 'block') {
    e.style.display = 'none';
    return 0;
  }
  else {
    e.style.display = 'block';
    return 1;
  }
}

function toggleBox(szDivId, elem, msg1, msg2)
{
  var res = -1;  if (document.getElementById) {
    res = flip(document.getElementById(szDivId));
  }
  else if (document.all) {
    // this is the way old msie versions work
    res = flip(document.all[szDivId]);
  }
  if(elem) {
    if(res == 0) elem.innerHTML = msg1; else elem.innerHTML = msg2;
  }

}

function toggleAllBoxes() {
  if (document.getElementsByTagName) {
    d = document.getElementsByTagName('div');
    for (i = 0; i < d.length; i++) {
      if (d[i].className == 'log') {
        flip(d[i]);
      }
    }
  }
}

// -->
</script>

</head>
<body>
<h2 align='center'>Default test</h2><table border='1' align="center">
<tr>
<td>Tests passed/Failed/Skipped:</td><td>9/1/0</td>
</tr><tr>
<td>Started on:</td><td>Sun Jul 20 10:46:19 IST 2025</td>
</tr>
<tr><td>Total time:</td><td>110 seconds (110686 ms)</td>
</tr><tr>
<td>Included groups:</td><td></td>
</tr><tr>
<td>Excluded groups:</td><td></td>
</tr>
</table><p/>
<small><i>(Hover the method name to see the test class name)</i></small><p/>
<table width='100%' border='1' class='invocation-failed'>
<tr><td colspan='4' align='center'><b>FAILED TESTS</b></td></tr>
<tr><td><b>Test method</b></td>
<td><b>Attribute(s)</b></td>
<td width="30%"><b>Exception</b></td>
<td width="10%"><b>Time (seconds)</b></td>
<td><b>Instance</b></td>
</tr>
<tr>
<td title='testRunner.WebAutomationRunner.runScenario()'><b>runScenario</b><br>Test class: testRunner.WebAutomationRunner<br>Test method: Runs Cucumber Scenarios<br>Parameters: "Add an item to wishlist", "Add/Remove item to wishlist"</td>
<td><div><pre>org.openqa.selenium.StaleElementReferenceException: stale element reference: stale element not found
  (Session info: chrome=138.0.7204.158)
For documentation on this error, please visit: https://www.selenium.dev/documentation/webdriver/troubleshooting/errors#stale-element-reference-exception
Build info: version: &apos;4.34.0&apos;, revision: &apos;707dcb4246*&apos;
System info: os.name: &apos;Windows 11&apos;, os.arch: &apos;amd64&apos;, os.version: &apos;10.0&apos;, java.version: &apos;21.0.7&apos;
Driver info: org.openqa.selenium.chrome.ChromeDriver
Command: [2a2ec4b81f179545d7724c2af724006e, sendKeysToElement {id=f.9E71D0DD893290BE0517B0311EF4F508.d.983F21675237948AB659660532079B78.e.830, value=[Ljava.lang.CharSequence;@5ea7bc4}]
Capabilities {acceptInsecureCerts: false, browserName: chrome, browserVersion: 138.0.7204.158, chrome: {chromedriverVersion: 138.0.7204.157 (e533e98b126..., userDataDir: C:\Users\SAIKIR~1\AppData\L...}, fedcm:accounts: true, goog:chromeOptions: {debuggerAddress: localhost:55545}, networkConnectionEnabled: false, pageLoadStrategy: normal, platformName: windows, proxy: Proxy(), se:cdp: ws://localhost:55545/devtoo..., se:cdpVersion: 138.0.7204.158, setWindowRect: true, strictFileInteractability: false, timeouts: {implicit: 0, pageLoad: 300000, script: 30000}, unhandledPromptBehavior: dismiss and notify, webauthn:extension:credBlob: true, webauthn:extension:largeBlob: true, webauthn:extension:minPinLength: true, webauthn:extension:prf: true, webauthn:virtualAuthenticators: true}
Element: [[ChromeDriver: chrome on windows (2a2ec4b81f179545d7724c2af724006e)] -&gt; id: small-searchterms]
Session ID: 2a2ec4b81f179545d7724c2af724006e
	at java.base/jdk.internal.reflect.DirectConstructorHandleAccessor.newInstance(DirectConstructorHandleAccessor.java:62)
	at java.base/java.lang.reflect.Constructor.newInstanceWithCaller(Constructor.java:502)
	at java.base/java.lang.reflect.Constructor.newInstance(Constructor.java:486)
	at org.openqa.selenium.remote.ErrorCodec.decode(ErrorCodec.java:167)
	at org.openqa.selenium.remote.codec.w3c.W3CHttpResponseCodec.decode(W3CHttpResponseCodec.java:138)
	at org.openqa.selenium.remote.codec.w3c.W3CHttpResponseCodec.decode(W3CHttpResponseCodec.java:50)
	at org.openqa.selenium.remote.HttpCommandExecutor.execute(HttpCommandExecutor.java:215)
	at org.openqa.selenium.remote.service.DriverCommandExecutor.invokeExecute(DriverCommandExecutor.java:216)
	at org.openqa.selenium.remote.service.DriverCommandExecutor.execute(DriverCommandExecutor.java:174)
	at org.openqa.selenium.remote.RemoteWebDriver.execute(RemoteWebDriver.java:544)
	at org.openqa.selenium.remote.RemoteWebElement.execute(RemoteWebElement.java:223)
	at org.openqa.selenium.remote.RemoteWebElement.sendKeys(RemoteWebElement.java:110)
	at java.base/jdk.internal.reflect.DirectMethodHandleAccessor.invoke(DirectMethodHandleAccessor.java:103)
	at java.base/java.lang.reflect.Method.invoke(Method.java:580)
	at org.openqa.selenium.support.pagefactory.internal.LocatingElementHandler.invoke(LocatingElementHandler.java:51)
	at jdk.proxy2/jdk.proxy2.$Proxy25.sendKeys(Unknown Source)
	at pageFactory.Wishlist.search(Wishlist.java:46)
	at stepDefinition.StepDef.enter_in_search_box(StepDef.java:189)
	at ✽.Enter &quot;Sneaker&quot; in Search Box(file:///D:/SeleniumJava/SeleniumFramework_Java/src/test/resources/features/Wishlist.feature:13)
</pre></div><a href='#' onClick='toggleBox("stack-trace2135563436", this, "Click to show all stack frames", "Click to hide stack frames")'>Click to show all stack frames</a>
<div class='stack-trace' id='stack-trace2135563436'><pre>org.openqa.selenium.StaleElementReferenceException: stale element reference: stale element not found
  (Session info: chrome=138.0.7204.158)
For documentation on this error, please visit: https://www.selenium.dev/documentation/webdriver/troubleshooting/errors#stale-element-reference-exception
Build info: version: &apos;4.34.0&apos;, revision: &apos;707dcb4246*&apos;
System info: os.name: &apos;Windows 11&apos;, os.arch: &apos;amd64&apos;, os.version: &apos;10.0&apos;, java.version: &apos;21.0.7&apos;
Driver info: org.openqa.selenium.chrome.ChromeDriver
Command: [2a2ec4b81f179545d7724c2af724006e, sendKeysToElement {id=f.9E71D0DD893290BE0517B0311EF4F508.d.983F21675237948AB659660532079B78.e.830, value=[Ljava.lang.CharSequence;@5ea7bc4}]
Capabilities {acceptInsecureCerts: false, browserName: chrome, browserVersion: 138.0.7204.158, chrome: {chromedriverVersion: 138.0.7204.157 (e533e98b126..., userDataDir: C:\Users\SAIKIR~1\AppData\L...}, fedcm:accounts: true, goog:chromeOptions: {debuggerAddress: localhost:55545}, networkConnectionEnabled: false, pageLoadStrategy: normal, platformName: windows, proxy: Proxy(), se:cdp: ws://localhost:55545/devtoo..., se:cdpVersion: 138.0.7204.158, setWindowRect: true, strictFileInteractability: false, timeouts: {implicit: 0, pageLoad: 300000, script: 30000}, unhandledPromptBehavior: dismiss and notify, webauthn:extension:credBlob: true, webauthn:extension:largeBlob: true, webauthn:extension:minPinLength: true, webauthn:extension:prf: true, webauthn:virtualAuthenticators: true}
Element: [[ChromeDriver: chrome on windows (2a2ec4b81f179545d7724c2af724006e)] -&gt; id: small-searchterms]
Session ID: 2a2ec4b81f179545d7724c2af724006e
	at java.base/jdk.internal.reflect.DirectConstructorHandleAccessor.newInstance(DirectConstructorHandleAccessor.java:62)
	at java.base/java.lang.reflect.Constructor.newInstanceWithCaller(Constructor.java:502)
	at java.base/java.lang.reflect.Constructor.newInstance(Constructor.java:486)
	at org.openqa.selenium.remote.ErrorCodec.decode(ErrorCodec.java:167)
	at org.openqa.selenium.remote.codec.w3c.W3CHttpResponseCodec.decode(W3CHttpResponseCodec.java:138)
	at org.openqa.selenium.remote.codec.w3c.W3CHttpResponseCodec.decode(W3CHttpResponseCodec.java:50)
	at org.openqa.selenium.remote.HttpCommandExecutor.execute(HttpCommandExecutor.java:215)
	at org.openqa.selenium.remote.service.DriverCommandExecutor.invokeExecute(DriverCommandExecutor.java:216)
	at org.openqa.selenium.remote.service.DriverCommandExecutor.execute(DriverCommandExecutor.java:174)
	at org.openqa.selenium.remote.RemoteWebDriver.execute(RemoteWebDriver.java:544)
	at org.openqa.selenium.remote.RemoteWebElement.execute(RemoteWebElement.java:223)
	at org.openqa.selenium.remote.RemoteWebElement.sendKeys(RemoteWebElement.java:110)
	at java.base/jdk.internal.reflect.DirectMethodHandleAccessor.invoke(DirectMethodHandleAccessor.java:103)
	at java.base/java.lang.reflect.Method.invoke(Method.java:580)
	at org.openqa.selenium.support.pagefactory.internal.LocatingElementHandler.invoke(LocatingElementHandler.java:51)
	at jdk.proxy2/jdk.proxy2.$Proxy25.sendKeys(Unknown Source)
	at pageFactory.Wishlist.search(Wishlist.java:46)
	at stepDefinition.StepDef.enter_in_search_box(StepDef.java:189)
	at ✽.Enter &quot;Sneaker&quot; in Search Box(file:///D:/SeleniumJava/SeleniumFramework_Java/src/test/resources/features/Wishlist.feature:13)
</pre></div></td>
<td>6</td>
<td>testRunner.WebAutomationRunner@3d34d211</td></tr>
</table><p>
<table width='100%' border='1' class='invocation-passed'>
<tr><td colspan='4' align='center'><b>PASSED TESTS</b></td></tr>
<tr><td><b>Test method</b></td>
<td><b>Attribute(s)</b></td>
<td width="30%"><b>Exception</b></td>
<td width="10%"><b>Time (seconds)</b></td>
<td><b>Instance</b></td>
</tr>
<tr>
<td title='testRunner.WebAutomationRunner.runScenario()'><b>runScenario</b><br>Test class: testRunner.WebAutomationRunner<br>Test method: Runs Cucumber Scenarios<br>Parameters: "Add an item to wishlist", "Add/Remove item to wishlist"</td>
<td></td>
<td>19</td>
<td>testRunner.WebAutomationRunner@3d34d211</td></tr>
<tr>
<td title='testRunner.WebAutomationRunner.runScenario()'><b>runScenario</b><br>Test class: testRunner.WebAutomationRunner<br>Test method: Runs Cucumber Scenarios<br>Parameters: "Successful login complete", "Login"</td>
<td></td>
<td>7</td>
<td>testRunner.WebAutomationRunner@3d34d211</td></tr>
<tr>
<td title='testRunner.WebAutomationRunner.runScenario()'><b>runScenario</b><br>Test class: testRunner.WebAutomationRunner<br>Test method: Runs Cucumber Scenarios<br>Parameters: "Successful login complete", "Login"</td>
<td></td>
<td>6</td>
<td>testRunner.WebAutomationRunner@3d34d211</td></tr>
<tr>
<td title='testRunner.WebAutomationRunner.runScenario()'><b>runScenario</b><br>Test class: testRunner.WebAutomationRunner<br>Test method: Runs Cucumber Scenarios<br>Parameters: "Clear wishlist", "Add/Remove item to wishlist"</td>
<td></td>
<td>10</td>
<td>testRunner.WebAutomationRunner@3d34d211</td></tr>
<tr>
<td title='testRunner.WebAutomationRunner.runScenario()'><b>runScenario</b><br>Test class: testRunner.WebAutomationRunner<br>Test method: Runs Cucumber Scenarios<br>Parameters: "Successful registration complete", "Registration"</td>
<td></td>
<td>8</td>
<td>testRunner.WebAutomationRunner@3d34d211</td></tr>
<tr>
<td title='testRunner.WebAutomationRunner.runScenario()'><b>runScenario</b><br>Test class: testRunner.WebAutomationRunner<br>Test method: Runs Cucumber Scenarios<br>Parameters: "Add a CellPhones to cart", "Add/Remove item to cart"</td>
<td></td>
<td>20</td>
<td>testRunner.WebAutomationRunner@3d34d211</td></tr>
<tr>
<td title='testRunner.WebAutomationRunner.runScenario()'><b>runScenario</b><br>Test class: testRunner.WebAutomationRunner<br>Test method: Runs Cucumber Scenarios<br>Parameters: "Successful registration complete", "Registration"</td>
<td></td>
<td>9</td>
<td>testRunner.WebAutomationRunner@3d34d211</td></tr>
<tr>
<td title='testRunner.WebAutomationRunner.runScenario()'><b>runScenario</b><br>Test class: testRunner.WebAutomationRunner<br>Test method: Runs Cucumber Scenarios<br>Parameters: "Successful registration complete", "Registration"</td>
<td></td>
<td>10</td>
<td>testRunner.WebAutomationRunner@3d34d211</td></tr>
<tr>
<td title='testRunner.WebAutomationRunner.runScenario()'><b>runScenario</b><br>Test class: testRunner.WebAutomationRunner<br>Test method: Runs Cucumber Scenarios<br>Parameters: "Clear cart", "Add/Remove item to cart"</td>
<td></td>
<td>10</td>
<td>testRunner.WebAutomationRunner@3d34d211</td></tr>
</table><p>
</body>
</html>