<?xml version="1.0" encoding="UTF-8"?>
<!-- Generated by org.testng.reporters.JUnitReportReporter -->
<testsuite hostname="LAPTOP-6EF2FPFC" failures="0" tests="10" name="testRunner.WebAutomationRunner" time="110.010" errors="1" timestamp="2025-07-20T10:48:10 IST" skipped="0">
  <testcase classname="testRunner.WebAutomationRunner" name="runScenario" time="19.500"/>
  <testcase classname="testRunner.WebAutomationRunner" name="runScenario" time="7.446"/>
  <testcase classname="testRunner.WebAutomationRunner" name="runScenario" time="6.785"/>
  <testcase classname="testRunner.WebAutomationRunner" name="runScenario" time="6.449">
    <error message="stale element reference: stale element not found
  (Session info: chrome=138.0.7204.158)
For documentation on this error, please visit: https://www.selenium.dev/documentation/webdriver/troubleshooting/errors#stale-element-reference-exception
Build info: version: &#039;4.34.0&#039;, revision: &#039;707dcb4246*&#039;
System info: os.name: &#039;Windows 11&#039;, os.arch: &#039;amd64&#039;, os.version: &#039;10.0&#039;, java.version: &#039;21.0.7&#039;
Driver info: org.openqa.selenium.chrome.ChromeDriver
Command: [2a2ec4b81f179545d7724c2af724006e, sendKeysToElement {id=f.9E71D0DD893290BE0517B0311EF4F508.d.983F21675237948AB659660532079B78.e.830, value=[Ljava.lang.CharSequence;@5ea7bc4}]
Capabilities {acceptInsecureCerts: false, browserName: chrome, browserVersion: 138.0.7204.158, chrome: {chromedriverVersion: 138.0.7204.157 (e533e98b126..., userDataDir: C:\Users\SAIKIR~1\AppData\L...}, fedcm:accounts: true, goog:chromeOptions: {debuggerAddress: localhost:55545}, networkConnectionEnabled: false, pageLoadStrategy: normal, platformName: windows, proxy: Proxy(), se:cdp: ws://localhost:55545/devtoo..., se:cdpVersion: 138.0.7204.158, setWindowRect: true, strictFileInteractability: false, timeouts: {implicit: 0, pageLoad: 300000, script: 30000}, unhandledPromptBehavior: dismiss and notify, webauthn:extension:credBlob: true, webauthn:extension:largeBlob: true, webauthn:extension:minPinLength: true, webauthn:extension:prf: true, webauthn:virtualAuthenticators: true}
Element: [[ChromeDriver: chrome on windows (2a2ec4b81f179545d7724c2af724006e)] -&gt; id: small-searchterms]
Session ID: 2a2ec4b81f179545d7724c2af724006e" type="org.openqa.selenium.StaleElementReferenceException">
      <![CDATA[org.openqa.selenium.StaleElementReferenceException: stale element reference: stale element not found
  (Session info: chrome=138.0.7204.158)
For documentation on this error, please visit: https://www.selenium.dev/documentation/webdriver/troubleshooting/errors#stale-element-reference-exception
Build info: version: '4.34.0', revision: '707dcb4246*'
System info: os.name: 'Windows 11', os.arch: 'amd64', os.version: '10.0', java.version: '21.0.7'
Driver info: org.openqa.selenium.chrome.ChromeDriver
Command: [2a2ec4b81f179545d7724c2af724006e, sendKeysToElement {id=f.9E71D0DD893290BE0517B0311EF4F508.d.983F21675237948AB659660532079B78.e.830, value=[Ljava.lang.CharSequence;@5ea7bc4}]
Capabilities {acceptInsecureCerts: false, browserName: chrome, browserVersion: 138.0.7204.158, chrome: {chromedriverVersion: 138.0.7204.157 (e533e98b126..., userDataDir: C:\Users\SAIKIR~1\AppData\L...}, fedcm:accounts: true, goog:chromeOptions: {debuggerAddress: localhost:55545}, networkConnectionEnabled: false, pageLoadStrategy: normal, platformName: windows, proxy: Proxy(), se:cdp: ws://localhost:55545/devtoo..., se:cdpVersion: 138.0.7204.158, setWindowRect: true, strictFileInteractability: false, timeouts: {implicit: 0, pageLoad: 300000, script: 30000}, unhandledPromptBehavior: dismiss and notify, webauthn:extension:credBlob: true, webauthn:extension:largeBlob: true, webauthn:extension:minPinLength: true, webauthn:extension:prf: true, webauthn:virtualAuthenticators: true}
Element: [[ChromeDriver: chrome on windows (2a2ec4b81f179545d7724c2af724006e)] -> id: small-searchterms]
Session ID: 2a2ec4b81f179545d7724c2af724006e
at java.base/jdk.internal.reflect.DirectConstructorHandleAccessor.newInstance(DirectConstructorHandleAccessor.java:62)
at java.base/java.lang.reflect.Constructor.newInstanceWithCaller(Constructor.java:502)
at java.base/java.lang.reflect.Constructor.newInstance(Constructor.java:486)
at org.openqa.selenium.remote.ErrorCodec.decode(ErrorCodec.java:167)
at org.openqa.selenium.remote.codec.w3c.W3CHttpResponseCodec.decode(W3CHttpResponseCodec.java:138)
at org.openqa.selenium.remote.codec.w3c.W3CHttpResponseCodec.decode(W3CHttpResponseCodec.java:50)
at org.openqa.selenium.remote.HttpCommandExecutor.execute(HttpCommandExecutor.java:215)
at org.openqa.selenium.remote.service.DriverCommandExecutor.invokeExecute(DriverCommandExecutor.java:216)
at org.openqa.selenium.remote.service.DriverCommandExecutor.execute(DriverCommandExecutor.java:174)
at org.openqa.selenium.remote.RemoteWebDriver.execute(RemoteWebDriver.java:544)
at org.openqa.selenium.remote.RemoteWebElement.execute(RemoteWebElement.java:223)
at org.openqa.selenium.remote.RemoteWebElement.sendKeys(RemoteWebElement.java:110)
at java.base/jdk.internal.reflect.DirectMethodHandleAccessor.invoke(DirectMethodHandleAccessor.java:103)
at java.base/java.lang.reflect.Method.invoke(Method.java:580)
at org.openqa.selenium.support.pagefactory.internal.LocatingElementHandler.invoke(LocatingElementHandler.java:51)
at jdk.proxy2/jdk.proxy2.$Proxy25.sendKeys(Unknown Source)
at pageFactory.Wishlist.search(Wishlist.java:46)
at stepDefinition.StepDef.enter_in_search_box(StepDef.java:189)
at âœ½.Enter "Sneaker" in Search Box(file:///D:/SeleniumJava/SeleniumFramework_Java/src/test/resources/features/Wishlist.feature:13)
]]>
    </error>
  </testcase> <!-- runScenario -->
  <testcase classname="testRunner.WebAutomationRunner" name="runScenario" time="10.140"/>
  <testcase classname="testRunner.WebAutomationRunner" name="runScenario" time="8.539"/>
  <testcase classname="testRunner.WebAutomationRunner" name="runScenario" time="20.747"/>
  <testcase classname="testRunner.WebAutomationRunner" name="runScenario" time="9.009"/>
  <testcase classname="testRunner.WebAutomationRunner" name="runScenario" time="10.720"/>
  <testcase classname="testRunner.WebAutomationRunner" name="runScenario" time="10.675"/>
</testsuite> <!-- testRunner.WebAutomationRunner -->
