<?xml version="1.0" encoding="UTF-8"?>
<!-- Generated by org.testng.reporters.JUnitReportReporter -->
<testsuite hostname="LAPTOP-6EF2FPFC" failures="0" tests="10" name="testRunner.WebAutomationRunnerTestNG" time="111.540" errors="1" timestamp="2025-07-20T11:06:18 IST" skipped="0">
  <testcase classname="testRunner.WebAutomationRunnerTestNG" name="runScenario" time="7.869"/>
  <testcase classname="testRunner.WebAutomationRunnerTestNG" name="runScenario" time="6.942"/>
  <testcase classname="testRunner.WebAutomationRunnerTestNG" name="runScenario" time="9.198"/>
  <testcase classname="testRunner.WebAutomationRunnerTestNG" name="runScenario" time="11.521"/>
  <testcase classname="testRunner.WebAutomationRunnerTestNG" name="runScenario" time="8.099">
    <error message="stale element reference: stale element not found
  (Session info: chrome=138.0.7204.158)
For documentation on this error, please visit: https://www.selenium.dev/documentation/webdriver/troubleshooting/errors#stale-element-reference-exception
Build info: version: &#039;4.34.0&#039;, revision: &#039;707dcb4246*&#039;
System info: os.name: &#039;Windows 11&#039;, os.arch: &#039;amd64&#039;, os.version: &#039;10.0&#039;, java.version: &#039;21.0.7&#039;
Driver info: org.openqa.selenium.chrome.ChromeDriver
Command: [baee20517f4272ac850993505661546f, sendKeysToElement {value=[Ljava.lang.CharSequence;@632383b9, id=f.8C47D112BB24CF81FD9467052EBC3F87.d.982ADB2DE782B5D83017479F6BBC054B.e.367}]
Capabilities {acceptInsecureCerts: false, browserName: chrome, browserVersion: 138.0.7204.158, chrome: {chromedriverVersion: 138.0.7204.157 (e533e98b126..., userDataDir: C:\Users\SAIKIR~1\AppData\L...}, fedcm:accounts: true, goog:chromeOptions: {debuggerAddress: localhost:57242}, networkConnectionEnabled: false, pageLoadStrategy: normal, platformName: windows, proxy: Proxy(), se:cdp: ws://localhost:57242/devtoo..., se:cdpVersion: 138.0.7204.158, setWindowRect: true, strictFileInteractability: false, timeouts: {implicit: 0, pageLoad: 300000, script: 30000}, unhandledPromptBehavior: dismiss and notify, webauthn:extension:credBlob: true, webauthn:extension:largeBlob: true, webauthn:extension:minPinLength: true, webauthn:extension:prf: true, webauthn:virtualAuthenticators: true}
Element: [[ChromeDriver: chrome on windows (baee20517f4272ac850993505661546f)] -&gt; id: small-searchterms]
Session ID: baee20517f4272ac850993505661546f" type="org.openqa.selenium.StaleElementReferenceException">
      <![CDATA[org.openqa.selenium.StaleElementReferenceException: stale element reference: stale element not found
  (Session info: chrome=138.0.7204.158)
For documentation on this error, please visit: https://www.selenium.dev/documentation/webdriver/troubleshooting/errors#stale-element-reference-exception
Build info: version: '4.34.0', revision: '707dcb4246*'
System info: os.name: 'Windows 11', os.arch: 'amd64', os.version: '10.0', java.version: '21.0.7'
Driver info: org.openqa.selenium.chrome.ChromeDriver
Command: [baee20517f4272ac850993505661546f, sendKeysToElement {value=[Ljava.lang.CharSequence;@632383b9, id=f.8C47D112BB24CF81FD9467052EBC3F87.d.982ADB2DE782B5D83017479F6BBC054B.e.367}]
Capabilities {acceptInsecureCerts: false, browserName: chrome, browserVersion: 138.0.7204.158, chrome: {chromedriverVersion: 138.0.7204.157 (e533e98b126..., userDataDir: C:\Users\SAIKIR~1\AppData\L...}, fedcm:accounts: true, goog:chromeOptions: {debuggerAddress: localhost:57242}, networkConnectionEnabled: false, pageLoadStrategy: normal, platformName: windows, proxy: Proxy(), se:cdp: ws://localhost:57242/devtoo..., se:cdpVersion: 138.0.7204.158, setWindowRect: true, strictFileInteractability: false, timeouts: {implicit: 0, pageLoad: 300000, script: 30000}, unhandledPromptBehavior: dismiss and notify, webauthn:extension:credBlob: true, webauthn:extension:largeBlob: true, webauthn:extension:minPinLength: true, webauthn:extension:prf: true, webauthn:virtualAuthenticators: true}
Element: [[ChromeDriver: chrome on windows (baee20517f4272ac850993505661546f)] -> id: small-searchterms]
Session ID: baee20517f4272ac850993505661546f
at java.base/jdk.internal.reflect.DirectConstructorHandleAccessor.newInstance(DirectConstructorHandleAccessor.java:62)
at java.base/java.lang.reflect.Constructor.newInstanceWithCaller(Constructor.java:502)
at java.base/java.lang.reflect.Constructor.newInstance(Constructor.java:486)
at org.openqa.selenium.remote.ErrorCodec.decode(ErrorCodec.java:167)
at org.openqa.selenium.remote.codec.w3c.W3CHttpResponseCodec.decode(W3CHttpResponseCodec.java:138)
at org.openqa.selenium.remote.codec.w3c.W3CHttpResponseCodec.decode(W3CHttpResponseCodec.java:50)
at org.openqa.selenium.remote.HttpCommandExecutor.execute(HttpCommandExecutor.java:215)
at org.openqa.selenium.remote.service.DriverCommandExecutor.invokeExecute(DriverCommandExecutor.java:216)
at org.openqa.selenium.remote.service.DriverCommandExecutor.execute(DriverCommandExecutor.java:174)
at org.openqa.selenium.remote.RemoteWebDriver.execute(RemoteWebDriver.java:544)
at org.openqa.selenium.remote.RemoteWebElement.execute(RemoteWebElement.java:223)
at org.openqa.selenium.remote.RemoteWebElement.sendKeys(RemoteWebElement.java:110)
at java.base/jdk.internal.reflect.DirectMethodHandleAccessor.invoke(DirectMethodHandleAccessor.java:103)
at java.base/java.lang.reflect.Method.invoke(Method.java:580)
at org.openqa.selenium.support.pagefactory.internal.LocatingElementHandler.invoke(LocatingElementHandler.java:51)
at jdk.proxy2/jdk.proxy2.$Proxy25.sendKeys(Unknown Source)
at pageFactory.Wishlist.search(Wishlist.java:46)
at stepDefinition.StepDef.enter_in_search_box(StepDef.java:189)
at âœ½.Enter "Camera" in Search Box(file:///D:/SeleniumJava/SeleniumFramework_Java/src/test/resources/features/Wishlist.feature:13)
]]>
    </error>
  </testcase> <!-- runScenario -->
  <testcase classname="testRunner.WebAutomationRunnerTestNG" name="runScenario" time="19.087"/>
  <testcase classname="testRunner.WebAutomationRunnerTestNG" name="runScenario" time="8.778"/>
  <testcase classname="testRunner.WebAutomationRunnerTestNG" name="runScenario" time="8.918"/>
  <testcase classname="testRunner.WebAutomationRunnerTestNG" name="runScenario" time="19.229"/>
  <testcase classname="testRunner.WebAutomationRunnerTestNG" name="runScenario" time="11.899"/>
</testsuite> <!-- testRunner.WebAutomationRunnerTestNG -->
